# JRE version: OpenJDK Runtime Environment (21.0.10) (build 21.0.10+-14961533-b1163.108)
# Java VM: OpenJDK 64-Bit Server VM (21.0.10+-14961533-b1163.108, mixed mode, tiered, compressed oops, compressed class ptrs, g1 gc, windows-amd64)
GC Precious Log:
 CardTable entry size: 512
 Card Set container configuration: InlinePtr #cards 5 size 8 Array Of Cards #cards 12 size 40 Howl #buckets 4 coarsen threshold 1843 Howl Bitmap #cards 512 size 80 coarsen threshold 460 Card regions per heap region 1 cards per card region 2048
 CPUs: 16 total, 16 available
 Memory: 15654M
 Large Page Support: Disabled
 NUMA Support: Disabled
 Compressed Oops: Enabled (32-bit)
 Heap Region Size: 1M
 Heap Min Capacity: 8M
 Heap Initial Capacity: 246M
 Heap Max Capacity: 512M
 Pre-touch: Disabled
 Parallel Workers: 13
 Concurrent Workers: 3
 Concurrent Refinement Workers: 13
 Periodic GC: Disabled
Heap:
 garbage-first heap   total 440320K, used 355840K [0x00000000e0000000, 0x0000000100000000)
  region size 1024K, 25 young (25600K), 7 survivors (7168K)
 Metaspace       used 32126K, committed 32448K, reserved 1114112K
  class space    used 3962K, committed 4096K, reserved 1048576K
GC Heap History (20 events):
Event: 2.177 GC heap before
{Heap before GC invocations=14 (full 0):
 garbage-first heap   total 188416K, used 142143K [0x00000000e0000000, 0x0000000100000000)
  region size 1024K, 29 young (29696K), 5 survivors (5120K)
 Metaspace       used 30802K, committed 31168K, reserved 1114112K
  class space    used 3815K, committed 3968K, reserved 1048576K
}
Event: 2.186 GC heap after
{Heap after GC invocations=15 (full 0):
 garbage-first heap   total 188416K, used 139264K [0x00000000e0000000, 0x0000000100000000)
  region size 1024K, 4 young (4096K), 4 survivors (4096K)
 Metaspace       used 30802K, committed 31168K, reserved 1114112K
  class space    used 3815K, committed 3968K, reserved 1048576K
}
Event: 2.211 GC heap before
{Heap before GC invocations=15 (full 0):
 garbage-first heap   total 188416K, used 154624K [0x00000000e0000000, 0x0000000100000000)
  region size 1024K, 19 young (19456K), 4 survivors (4096K)
 Metaspace       used 30802K, committed 31168K, reserved 1114112K
  class space    used 3815K, committed 3968K, reserved 1048576K
}
Event: 2.217 GC heap after
{Heap after GC invocations=16 (full 0):
 garbage-first heap   total 188416K, used 154624K [0x00000000e0000000, 0x0000000100000000)
  region size 1024K, 3 young (3072K), 3 survivors (3072K)
 Metaspace       used 30802K, committed 31168K, reserved 1114112K
  class space    used 3815K, committed 3968K, reserved 1048576K
}
Event: 2.269 GC heap before
{Heap before GC invocations=16 (full 0):
 garbage-first heap   total 261120K, used 166912K [0x00000000e0000000, 0x0000000100000000)
  region size 1024K, 13 young (13312K), 3 survivors (3072K)
 Metaspace       used 30802K, committed 31168K, reserved 1114112K
  class space    used 3815K, committed 3968K, reserved 1048576K
}
Event: 2.275 GC heap after
{Heap after GC invocations=17 (full 0):
 garbage-first heap   total 261120K, used 166912K [0x00000000e0000000, 0x0000000100000000)
  region size 1024K, 2 young (2048K), 2 survivors (2048K)
 Metaspace       used 30802K, committed 31168K, reserved 1114112K
  class space    used 3815K, committed 3968K, reserved 1048576K
}
Event: 6.121 GC heap before
{Heap before GC invocations=18 (full 0):
 garbage-first heap   total 261120K, used 196608K [0x00000000e0000000, 0x0000000100000000)
  region size 1024K, 32 young (32768K), 2 survivors (2048K)
 Metaspace       used 31910K, committed 32192K, reserved 1114112K
  class space    used 3944K, committed 4096K, reserved 1048576K
}
Event: 6.141 GC heap after
{Heap after GC invocations=19 (full 0):
 garbage-first heap   total 261120K, used 189952K [0x00000000e0000000, 0x0000000100000000)
  region size 1024K, 4 young (4096K), 4 survivors (4096K)
 Metaspace       used 31910K, committed 32192K, reserved 1114112K
  class space    used 3944K, committed 4096K, reserved 1048576K
}
Event: 6.204 GC heap before
{Heap before GC invocations=19 (full 0):
 garbage-first heap   total 261120K, used 218624K [0x00000000e0000000, 0x0000000100000000)
  region size 1024K, 27 young (27648K), 4 survivors (4096K)
 Metaspace       used 31910K, committed 32192K, reserved 1114112K
  class space    used 3944K, committed 4096K, reserved 1048576K
}
Event: 6.217 GC heap after
{Heap after GC invocations=20 (full 0):
 garbage-first heap   total 261120K, used 215469K [0x00000000e0000000, 0x0000000100000000)
  region size 1024K, 4 young (4096K), 4 survivors (4096K)
 Metaspace       used 31910K, committed 32192K, reserved 1114112K
  class space    used 3944K, committed 4096K, reserved 1048576K
}
Event: 6.249 GC heap before
{Heap before GC invocations=20 (full 0):
 garbage-first heap   total 261120K, used 228781K [0x00000000e0000000, 0x0000000100000000)
  region size 1024K, 18 young (18432K), 4 survivors (4096K)
 Metaspace       used 31910K, committed 32192K, reserved 1114112K
  class space    used 3944K, committed 4096K, reserved 1048576K
}
Event: 6.256 GC heap after
{Heap after GC invocations=21 (full 0):
 garbage-first heap   total 261120K, used 230391K [0x00000000e0000000, 0x0000000100000000)
  region size 1024K, 3 young (3072K), 3 survivors (3072K)
 Metaspace       used 31910K, committed 32192K, reserved 1114112K
  class space    used 3944K, committed 4096K, reserved 1048576K
}
Event: 6.293 GC heap before
{Heap before GC invocations=21 (full 0):
 garbage-first heap   total 261120K, used 245751K [0x00000000e0000000, 0x0000000100000000)
  region size 1024K, 12 young (12288K), 3 survivors (3072K)
 Metaspace       used 31910K, committed 32192K, reserved 1114112K
  class space    used 3944K, committed 4096K, reserved 1048576K
}
Event: 6.299 GC heap after
{Heap after GC invocations=22 (full 0):
 garbage-first heap   total 314368K, used 246518K [0x00000000e0000000, 0x0000000100000000)
  region size 1024K, 2 young (2048K), 2 survivors (2048K)
 Metaspace       used 31910K, committed 32192K, reserved 1114112K
  class space    used 3944K, committed 4096K, reserved 1048576K
}
Event: 6.357 GC heap before
{Heap before GC invocations=22 (full 0):
 garbage-first heap   total 314368K, used 268022K [0x00000000e0000000, 0x0000000100000000)
  region size 1024K, 23 young (23552K), 2 survivors (2048K)
 Metaspace       used 31910K, committed 32192K, reserved 1114112K
  class space    used 3944K, committed 4096K, reserved 1048576K
}
Event: 6.364 GC heap after
{Heap after GC invocations=23 (full 0):
 garbage-first heap   total 314368K, used 267018K [0x00000000e0000000, 0x0000000100000000)
  region size 1024K, 3 young (3072K), 3 survivors (3072K)
 Metaspace       used 31910K, committed 32192K, reserved 1114112K
  class space    used 3944K, committed 4096K, reserved 1048576K
}
Event: 6.436 GC heap before
{Heap before GC invocations=23 (full 0):
 garbage-first heap   total 440320K, used 282378K [0x00000000e0000000, 0x0000000100000000)
  region size 1024K, 21 young (21504K), 3 survivors (3072K)
 Metaspace       used 31910K, committed 32192K, reserved 1114112K
  class space    used 3944K, committed 4096K, reserved 1048576K
}
Event: 6.443 GC heap after
{Heap after GC invocations=24 (full 0):
 garbage-first heap   total 440320K, used 280882K [0x00000000e0000000, 0x0000000100000000)
  region size 1024K, 3 young (3072K), 3 survivors (3072K)
 Metaspace       used 31910K, committed 32192K, reserved 1114112K
  class space    used 3944K, committed 4096K, reserved 1048576K
}
Event: 6.644 GC heap before
{Heap before GC invocations=25 (full 0):
 garbage-first heap   total 440320K, used 341298K [0x00000000e0000000, 0x0000000100000000)
  region size 1024K, 54 young (55296K), 3 survivors (3072K)
 Metaspace       used 31910K, committed 32192K, reserved 1114112K
  class space    used 3944K, committed 4096K, reserved 1048576K
}
Event: 6.659 GC heap after
{Heap after GC invocations=26 (full 0):
 garbage-first heap   total 440320K, used 335360K [0x00000000e0000000, 0x0000000100000000)
  region size 1024K, 7 young (7168K), 7 survivors (7168K)
 Metaspace       used 31910K, committed 32192K, reserved 1114112K
  class space    used 3944K, committed 4096K, reserved 1048576K
}

